<?xml version="1.0" encoding="UTF-8"?>
<!-- Generated by org.testng.reporters.JUnitReportReporter -->
<testsuite skipped="0" hostname="WKWGB2257697" name="com.sapient.learning.MainTests" tests="4" failures="0" timestamp="03 Oct 2019 12:13:39 GMT" time="0.264" errors="0">
  <testcase name="testMainMockWithStub" time="0.014" classname="com.sapient.learning.MainTests"/>
  <testcase name="testMainSpyWithStub" time="0.206" classname="com.sapient.learning.MainTests"/>
  <testcase name="testMainMock" time="0.020" classname="com.sapient.learning.MainTests"/>
  <testcase name="testMainSpy" time="0.024" classname="com.sapient.learning.MainTests"/>
</testsuite> <!-- com.sapient.learning.MainTests -->
